{"uuid":"b1734c5e-cb23-4dc9-89a0-cd3b0ac01d58","historyId":"2d679569c4da3dd0560cbc2e12090c5a","fullName":"testcase.LoginTestcase.loginUnsuccess","labels":[{"name":"package","value":"testcase.LoginTestcase"},{"name":"testClass","value":"testcase.LoginTestcase"},{"name":"testMethod","value":"loginUnsuccess"},{"name":"parentSuite","value":"Login"},{"name":"suite","value":"Regression"},{"name":"subSuite","value":"testcase.LoginTestcase"},{"name":"host","value":"DESKTOP-5CLUJLF"},{"name":"thread","value":"4424@DESKTOP-5CLUJLF.main(1)"},{"name":"framework","value":"testng"},{"name":"language","value":"java"}],"links":[],"name":"Login không thành công với email sai và password đúng","status":"failed","statusDetails":{"known":false,"muted":false,"flaky":false,"message":"expected [true] but found [false]","trace":"java.lang.AssertionError: expected [true] but found [false]\r\n\tat org.testng.Assert.fail(Assert.java:99)\r\n\tat org.testng.Assert.failNotEquals(Assert.java:1037)\r\n\tat org.testng.Assert.assertTrue(Assert.java:45)\r\n\tat org.testng.Assert.assertTrue(Assert.java:55)\r\n\tat common.CommonUI.verifyMessage(CommonUI.java:59)\r\n\tat page.LoginPage.verifyErrorMessage(LoginPage.java:40)\r\n\tat testcase.LoginTestcase.loginUnsuccess(LoginTestcase.java:48)\r\n\tat java.base/jdk.internal.reflect.NativeMethodAccessorImpl.invoke0(Native Method)\r\n\tat java.base/jdk.internal.reflect.NativeMethodAccessorImpl.invoke(NativeMethodAccessorImpl.java:62)\r\n\tat java.base/jdk.internal.reflect.DelegatingMethodAccessorImpl.invoke(DelegatingMethodAccessorImpl.java:43)\r\n\tat java.base/java.lang.reflect.Method.invoke(Method.java:566)\r\n\tat org.testng.internal.MethodInvocationHelper.invokeMethod(MethodInvocationHelper.java:133)\r\n\tat org.testng.internal.TestInvoker.invokeMethod(TestInvoker.java:598)\r\n\tat org.testng.internal.TestInvoker.invokeTestMethod(TestInvoker.java:173)\r\n\tat org.testng.internal.MethodRunner.runInSequence(MethodRunner.java:46)\r\n\tat org.testng.internal.TestInvoker$MethodInvocationAgent.invoke(TestInvoker.java:824)\r\n\tat org.testng.internal.TestInvoker.invokeTestMethods(TestInvoker.java:146)\r\n\tat org.testng.internal.TestMethodWorker.invokeTestMethods(TestMethodWorker.java:146)\r\n\tat org.testng.internal.TestMethodWorker.run(TestMethodWorker.java:128)\r\n\tat java.base/java.util.ArrayList.forEach(ArrayList.java:1541)\r\n\tat org.testng.TestRunner.privateRun(TestRunner.java:794)\r\n\tat org.testng.TestRunner.run(TestRunner.java:596)\r\n\tat org.testng.SuiteRunner.runTest(SuiteRunner.java:377)\r\n\tat org.testng.SuiteRunner.runSequentially(SuiteRunner.java:371)\r\n\tat org.testng.SuiteRunner.privateRun(SuiteRunner.java:332)\r\n\tat org.testng.SuiteRunner.run(SuiteRunner.java:276)\r\n\tat org.testng.SuiteRunnerWorker.runSuite(SuiteRunnerWorker.java:53)\r\n\tat org.testng.SuiteRunnerWorker.run(SuiteRunnerWorker.java:96)\r\n\tat org.testng.TestNG.runSuitesSequentially(TestNG.java:1212)\r\n\tat org.testng.TestNG.runSuitesLocally(TestNG.java:1134)\r\n\tat org.testng.TestNG.runSuites(TestNG.java:1063)\r\n\tat org.testng.TestNG.run(TestNG.java:1031)\r\n\tat com.intellij.rt.testng.IDEARemoteTestNG.run(IDEARemoteTestNG.java:66)\r\n\tat com.intellij.rt.testng.RemoteTestNGStarter.main(RemoteTestNGStarter.java:109)\r\n"},"stage":"finished","steps":[{"name":"Open yody page:","status":"passed","stage":"finished","steps":[],"attachments":[{"name":"URL: https://yody.vn/","source":"86d08c04-ec32-44d4-aef4-baff44c2c9b7-attachment","type":"text/plain"},{"name":"Page screenshot","source":"e83f6e4d-10f1-4fa2-883e-ebcba6021e88-attachment","type":"image/png"}],"parameters":[],"start":1706343978766,"stop":1706343995636},{"name":"Click on login btn","status":"passed","stage":"finished","steps":[],"attachments":[],"parameters":[],"start":1706343995638,"stop":1706344002089},{"name":"Verify login url","status":"passed","stage":"finished","steps":[],"attachments":[],"parameters":[],"start":1706344002089,"stop":1706344003041},{"name":"Login with username: tester2943865306@gmail.com and password: 123456 ","status":"passed","stage":"finished","steps":[],"attachments":[{"name":"Page screenshot","source":"59ea6bd9-9765-4b65-aa34-7af2f80fe4b0-attachment","type":"image/png"},{"name":"Page screenshot","source":"54e65bbb-41ca-4e72-a20f-9b3a6cdf1e61-attachment","type":"image/png"}],"parameters":[{"name":"us","value":"tester2943865306@gmail.com"},{"name":"pw","value":"123456"}],"start":1706344003047,"stop":1706344004698},{"name":"Verify error message in email: ","status":"failed","statusDetails":{"known":false,"muted":false,"flaky":false,"message":"expected [true] but found [false]","trace":"java.lang.AssertionError: expected [true] but found [false]\r\n\tat org.testng.Assert.fail(Assert.java:99)\r\n\tat org.testng.Assert.failNotEquals(Assert.java:1037)\r\n\tat org.testng.Assert.assertTrue(Assert.java:45)\r\n\tat org.testng.Assert.assertTrue(Assert.java:55)\r\n\tat common.CommonUI.verifyMessage(CommonUI.java:59)\r\n\tat page.LoginPage.verifyErrorMessage(LoginPage.java:40)\r\n\tat testcase.LoginTestcase.loginUnsuccess(LoginTestcase.java:48)\r\n\tat java.base/jdk.internal.reflect.NativeMethodAccessorImpl.invoke0(Native Method)\r\n\tat java.base/jdk.internal.reflect.NativeMethodAccessorImpl.invoke(NativeMethodAccessorImpl.java:62)\r\n\tat java.base/jdk.internal.reflect.DelegatingMethodAccessorImpl.invoke(DelegatingMethodAccessorImpl.java:43)\r\n\tat java.base/java.lang.reflect.Method.invoke(Method.java:566)\r\n\tat org.testng.internal.MethodInvocationHelper.invokeMethod(MethodInvocationHelper.java:133)\r\n\tat org.testng.internal.TestInvoker.invokeMethod(TestInvoker.java:598)\r\n\tat org.testng.internal.TestInvoker.invokeTestMethod(TestInvoker.java:173)\r\n\tat org.testng.internal.MethodRunner.runInSequence(MethodRunner.java:46)\r\n\tat org.testng.internal.TestInvoker$MethodInvocationAgent.invoke(TestInvoker.java:824)\r\n\tat org.testng.internal.TestInvoker.invokeTestMethods(TestInvoker.java:146)\r\n\tat org.testng.internal.TestMethodWorker.invokeTestMethods(TestMethodWorker.java:146)\r\n\tat org.testng.internal.TestMethodWorker.run(TestMethodWorker.java:128)\r\n\tat java.base/java.util.ArrayList.forEach(ArrayList.java:1541)\r\n\tat org.testng.TestRunner.privateRun(TestRunner.java:794)\r\n\tat org.testng.TestRunner.run(TestRunner.java:596)\r\n\tat org.testng.SuiteRunner.runTest(SuiteRunner.java:377)\r\n\tat org.testng.SuiteRunner.runSequentially(SuiteRunner.java:371)\r\n\tat org.testng.SuiteRunner.privateRun(SuiteRunner.java:332)\r\n\tat org.testng.SuiteRunner.run(SuiteRunner.java:276)\r\n\tat org.testng.SuiteRunnerWorker.runSuite(SuiteRunnerWorker.java:53)\r\n\tat org.testng.SuiteRunnerWorker.run(SuiteRunnerWorker.java:96)\r\n\tat org.testng.TestNG.runSuitesSequentially(TestNG.java:1212)\r\n\tat org.testng.TestNG.runSuitesLocally(TestNG.java:1134)\r\n\tat org.testng.TestNG.runSuites(TestNG.java:1063)\r\n\tat org.testng.TestNG.run(TestNG.java:1031)\r\n\tat com.intellij.rt.testng.IDEARemoteTestNG.run(IDEARemoteTestNG.java:66)\r\n\tat com.intellij.rt.testng.RemoteTestNGStarter.main(RemoteTestNGStarter.java:109)\r\n"},"stage":"finished","steps":[],"attachments":[{"name":"Page screenshot","source":"aae9eaec-4a70-4103-8810-bf43c5eb9e00-attachment","type":"image/png"}],"parameters":[],"start":1706344004698,"stop":1706344005155}],"attachments":[{"name":"loginUnsuccess is failed.","source":"8b2c4792-5f9d-4a4c-b4da-cf8b8e19a197-attachment","type":"text/plain"},{"name":"Page screenshot","source":"911fda0b-44f7-4906-a2a7-473e8146d9ef-attachment","type":"image/png"}],"parameters":[],"start":1706343978551,"stop":1706344005524}